# JRE version: OpenJDK Runtime Environment JBR-17.0.14+1-1367.22-nomod (17.0.14+1) (build 17.0.14+1-b1367.22)
# Java VM: OpenJDK 64-Bit Server VM JBR-17.0.14+1-1367.22-nomod (17.0.14+1-b1367.22, mixed mode, sharing, tiered, compressed oops, compressed class ptrs, g1 gc, windows-amd64)
GC Precious Log:
 CPUs: 20 total, 20 available
 Memory: 24243M
 Large Page Support: Disabled
 NUMA Support: Disabled
 Compressed Oops: Enabled (Zero based)
 Heap Region Size: 4M
 Heap Min Capacity: 8M
 Heap Initial Capacity: 380M
 Heap Max Capacity: 6064M
 Pre-touch: Disabled
 Parallel Workers: 15
 Concurrent Workers: 4
 Concurrent Refinement Workers: 15
 Periodic GC: Disabled
Heap:
 garbage-first heap   total 389120K, used 78300K [0x0000000685000000, 0x0000000800000000)
  region size 4096K, 20 young (81920K), 2 survivors (8192K)
 Metaspace       used 19858K, committed 20160K, reserved 1114112K
  class space    used 2423K, committed 2560K, reserved 1048576K
GC Heap History (6 events):
Event: 0.373 GC heap before
{Heap before GC invocations=0 (full 0):
 garbage-first heap   total 389120K, used 20480K [0x0000000685000000, 0x0000000800000000)
  region size 4096K, 5 young (20480K), 0 survivors (0K)
 Metaspace       used 5544K, committed 5696K, reserved 1114112K
  class space    used 677K, committed 768K, reserved 1048576K
}
Event: 0.376 GC heap after
{Heap after GC invocations=1 (full 0):
 garbage-first heap   total 389120K, used 3681K [0x0000000685000000, 0x0000000800000000)
  region size 4096K, 1 young (4096K), 1 survivors (4096K)
 Metaspace       used 5544K, committed 5696K, reserved 1114112K
  class space    used 677K, committed 768K, reserved 1048576K
}
Event: 0.573 GC heap before
{Heap before GC invocations=1 (full 0):
 garbage-first heap   total 389120K, used 24161K [0x0000000685000000, 0x0000000800000000)
  region size 4096K, 6 young (24576K), 1 survivors (4096K)
 Metaspace       used 7254K, committed 7424K, reserved 1114112K
  class space    used 889K, committed 960K, reserved 1048576K
}
Event: 0.576 GC heap after
{Heap after GC invocations=2 (full 0):
 garbage-first heap   total 389120K, used 4376K [0x0000000685000000, 0x0000000800000000)
  region size 4096K, 1 young (4096K), 1 survivors (4096K)
 Metaspace       used 7254K, committed 7424K, reserved 1114112K
  class space    used 889K, committed 960K, reserved 1048576K
}
Event: 1.465 GC heap before
{Heap before GC invocations=2 (full 0):
 garbage-first heap   total 389120K, used 65816K [0x0000000685000000, 0x0000000800000000)
  region size 4096K, 16 young (65536K), 1 survivors (4096K)
 Metaspace       used 16234K, committed 16448K, reserved 1114112K
  class space    used 2014K, committed 2112K, reserved 1048576K
}
Event: 1.469 GC heap after
{Heap after GC invocations=3 (full 0):
 garbage-first heap   total 389120K, used 8668K [0x0000000685000000, 0x0000000800000000)
  region size 4096K, 2 young (8192K), 2 survivors (8192K)
 Metaspace       used 16234K, committed 16448K, reserved 1114112K
  class space    used 2014K, committed 2112K, reserved 1048576K
}

